<?xml version="1.0" encoding="UTF-8"?>
<!-- Generated by org.testng.reporters.JUnitReportReporter -->
<testsuite hostname="TYSS-Bibhudatta" failures="0" tests="2" name="TestRun.TestRunnerWithTestNGDummy" time="0.081" errors="0" timestamp="2022-09-30T10:34:26 IST" skipped="0">
  <testcase classname="TestRun.TestRunnerWithTestNGDummy" name="runScenario" time="0.077"/>
  <system-out/>
  <testcase classname="TestRun.TestRunnerWithTestNGDummy" name="testRun" time="0.004"/>
  <system-out/>
</testsuite> <!-- TestRun.TestRunnerWithTestNGDummy -->
